-------------------------------------------------------------------------------
Test set: com.tf4.ems.main.EmsCrudApplicationTests
-------------------------------------------------------------------------------
Tests run: 1, Failures: 0, Errors: 1, Skipped: 0, Time elapsed: 0.239 s <<< FAILURE! - in com.tf4.ems.main.EmsCrudApplicationTests
com.tf4.ems.main.EmsCrudApplicationTests  Time elapsed: 0.237 s  <<< ERROR!
java.lang.IllegalStateException: Unable to find a @SpringBootConfiguration, you need to use @ContextConfiguration or @SpringBootTest(classes=...) with your test

